{"/home/dougalmeida/react-projects/reconciliation-project/src/App.tsx": {"path":"/home/dougalmeida/react-projects/reconciliation-project/src/App.tsx","statementMap":{"0":{"start":{"line":5,"column":2},"end":{"line":9,"column":3}}},"fnMap":{"0":{"name":"App","decl":{"start":{"line":4,"column":9},"end":{"line":4,"column":12}},"loc":{"start":{"line":4,"column":15},"end":{"line":10,"column":1}},"line":4}},"branchMap":{},"s":{"0":0},"f":{"0":0},"b":{}}
,"/home/dougalmeida/react-projects/reconciliation-project/src/main.tsx": {"path":"/home/dougalmeida/react-projects/reconciliation-project/src/main.tsx","statementMap":{"0":{"start":{"line":5,"column":0},"end":{"line":9,"column":1}}},"fnMap":{},"branchMap":{},"s":{"0":0},"f":{},"b":{}}
,"/home/dougalmeida/react-projects/reconciliation-project/src/vite-env.d.ts": {"path":"/home/dougalmeida/react-projects/reconciliation-project/src/vite-env.d.ts","statementMap":{},"fnMap":{},"branchMap":{},"s":{},"f":{},"b":{}}
,"/home/dougalmeida/react-projects/reconciliation-project/src/components/CountriesCard/index.tsx": {"path":"/home/dougalmeida/react-projects/reconciliation-project/src/components/CountriesCard/index.tsx","statementMap":{"0":{"start":{"line":13,"column":28},"end":{"line":45,"column":1}},"1":{"start":{"line":21,"column":2},"end":{"line":44,"column":3}},"2":{"start":{"line":47,"column":27},"end":{"line":47,"column":52}}},"fnMap":{"0":{"name":"(anonymous_0)","decl":{"start":{"line":13,"column":28},"end":{"line":13,"column":29}},"loc":{"start":{"line":20,"column":24},"end":{"line":45,"column":1}},"line":20}},"branchMap":{"0":{"loc":{"start":{"line":24,"column":9},"end":{"line":28,"column":9}},"type":"cond-expr","locations":[{"start":{"line":25,"column":10},"end":{"line":25,"column":61}},{"start":{"line":27,"column":10},"end":{"line":27,"column":49}}],"line":24}},"s":{"0":1,"1":2,"2":1},"f":{"0":2},"b":{"0":[1,1]},"_coverageSchema":"1a1c01bbd47fc00a2c39e90264f33305004495a9","hash":"04906140f664980fb5b84a95e988d50471e223b3"}
,"/home/dougalmeida/react-projects/reconciliation-project/src/components/Header/index.tsx": {"path":"/home/dougalmeida/react-projects/reconciliation-project/src/components/Header/index.tsx","statementMap":{"0":{"start":{"line":4,"column":22},"end":{"line":14,"column":1}},"1":{"start":{"line":5,"column":2},"end":{"line":13,"column":3}}},"fnMap":{"0":{"name":"(anonymous_0)","decl":{"start":{"line":4,"column":22},"end":{"line":4,"column":23}},"loc":{"start":{"line":4,"column":28},"end":{"line":14,"column":1}},"line":4}},"branchMap":{},"s":{"0":0,"1":0},"f":{"0":0},"b":{}}
,"/home/dougalmeida/react-projects/reconciliation-project/src/components/Header/styles.tsx": {"path":"/home/dougalmeida/react-projects/reconciliation-project/src/components/Header/styles.tsx","statementMap":{"0":{"start":{"line":3,"column":22},"end":{"line":14,"column":1}},"1":{"start":{"line":16,"column":21},"end":{"line":24,"column":1}},"2":{"start":{"line":26,"column":30},"end":{"line":39,"column":1}}},"fnMap":{},"branchMap":{},"s":{"0":0,"1":0,"2":0},"f":{},"b":{}}
,"/home/dougalmeida/react-projects/reconciliation-project/src/components/Input/index.tsx": {"path":"/home/dougalmeida/react-projects/reconciliation-project/src/components/Input/index.tsx","statementMap":{"0":{"start":{"line":10,"column":21},"end":{"line":17,"column":1}},"1":{"start":{"line":11,"column":2},"end":{"line":16,"column":3}}},"fnMap":{"0":{"name":"(anonymous_0)","decl":{"start":{"line":10,"column":21},"end":{"line":10,"column":22}},"loc":{"start":{"line":10,"column":68},"end":{"line":17,"column":1}},"line":10}},"branchMap":{"0":{"loc":{"start":{"line":13,"column":7},"end":{"line":13,"column":46}},"type":"binary-expr","locations":[{"start":{"line":13,"column":7},"end":{"line":13,"column":11}},{"start":{"line":13,"column":15},"end":{"line":13,"column":46}}],"line":13}},"s":{"0":1,"1":2},"f":{"0":2},"b":{"0":[2,0]},"_coverageSchema":"1a1c01bbd47fc00a2c39e90264f33305004495a9","hash":"f17ff826782c49b283e8f24c03e2bf37269eac46"}
,"/home/dougalmeida/react-projects/reconciliation-project/src/components/Layout/index.tsx": {"path":"/home/dougalmeida/react-projects/reconciliation-project/src/components/Layout/index.tsx","statementMap":{"0":{"start":{"line":12,"column":22},"end":{"line":21,"column":1}},"1":{"start":{"line":13,"column":2},"end":{"line":20,"column":3}}},"fnMap":{"0":{"name":"(anonymous_0)","decl":{"start":{"line":12,"column":22},"end":{"line":12,"column":23}},"loc":{"start":{"line":12,"column":53},"end":{"line":21,"column":1}},"line":12}},"branchMap":{},"s":{"0":0,"1":0},"f":{"0":0},"b":{}}
,"/home/dougalmeida/react-projects/reconciliation-project/src/pages/Home/index.tsx": {"path":"/home/dougalmeida/react-projects/reconciliation-project/src/pages/Home/index.tsx","statementMap":{"0":{"start":{"line":8,"column":13},"end":{"line":78,"column":1}},"1":{"start":{"line":9,"column":30},"end":{"line":9,"column":44}},"2":{"start":{"line":10,"column":30},"end":{"line":10,"column":42}},"3":{"start":{"line":11,"column":66},"end":{"line":11,"column":78}},"4":{"start":{"line":13,"column":25},"end":{"line":13,"column":37}},"5":{"start":{"line":14,"column":29},"end":{"line":14,"column":69}},"6":{"start":{"line":16,"column":28},"end":{"line":22,"column":3}},"7":{"start":{"line":18,"column":6},"end":{"line":20,"column":12}},"8":{"start":{"line":19,"column":35},"end":{"line":19,"column":70}},"9":{"start":{"line":24,"column":28},"end":{"line":28,"column":3}},"10":{"start":{"line":25,"column":4},"end":{"line":27,"column":5}},"11":{"start":{"line":26,"column":6},"end":{"line":26,"column":64}},"12":{"start":{"line":30,"column":23},"end":{"line":35,"column":3}},"13":{"start":{"line":31,"column":16},"end":{"line":31,"column":30}},"14":{"start":{"line":33,"column":6},"end":{"line":33,"column":58}},"15":{"start":{"line":34,"column":4},"end":{"line":34,"column":43}},"16":{"start":{"line":37,"column":2},"end":{"line":77,"column":3}},"17":{"start":{"line":49,"column":14},"end":{"line":57,"column":16}},"18":{"start":{"line":60,"column":14},"end":{"line":68,"column":16}}},"fnMap":{"0":{"name":"(anonymous_0)","decl":{"start":{"line":8,"column":13},"end":{"line":8,"column":14}},"loc":{"start":{"line":8,"column":19},"end":{"line":78,"column":1}},"line":8},"1":{"name":"(anonymous_1)","decl":{"start":{"line":17,"column":4},"end":{"line":17,"column":5}},"loc":{"start":{"line":18,"column":6},"end":{"line":20,"column":12}},"line":18},"2":{"name":"(anonymous_2)","decl":{"start":{"line":19,"column":23},"end":{"line":19,"column":24}},"loc":{"start":{"line":19,"column":35},"end":{"line":19,"column":70}},"line":19},"3":{"name":"(anonymous_3)","decl":{"start":{"line":24,"column":28},"end":{"line":24,"column":29}},"loc":{"start":{"line":24,"column":34},"end":{"line":28,"column":3}},"line":24},"4":{"name":"(anonymous_4)","decl":{"start":{"line":30,"column":23},"end":{"line":30,"column":24}},"loc":{"start":{"line":30,"column":67},"end":{"line":35,"column":3}},"line":30},"5":{"name":"(anonymous_5)","decl":{"start":{"line":48,"column":35},"end":{"line":48,"column":36}},"loc":{"start":{"line":49,"column":14},"end":{"line":57,"column":16}},"line":49},"6":{"name":"(anonymous_6)","decl":{"start":{"line":59,"column":36},"end":{"line":59,"column":37}},"loc":{"start":{"line":60,"column":14},"end":{"line":68,"column":16}},"line":60}},"branchMap":{"0":{"loc":{"start":{"line":18,"column":6},"end":{"line":20,"column":12}},"type":"cond-expr","locations":[{"start":{"line":19,"column":10},"end":{"line":19,"column":71}},{"start":{"line":20,"column":10},"end":{"line":20,"column":12}}],"line":18},"1":{"loc":{"start":{"line":25,"column":4},"end":{"line":27,"column":5}},"type":"if","locations":[{"start":{"line":25,"column":4},"end":{"line":27,"column":5}},{"start":{},"end":{}}],"line":25},"2":{"loc":{"start":{"line":47,"column":9},"end":{"line":69,"column":14}},"type":"cond-expr","locations":[{"start":{"line":48,"column":12},"end":{"line":58,"column":14}},{"start":{"line":59,"column":12},"end":{"line":69,"column":14}}],"line":47},"3":{"loc":{"start":{"line":71,"column":7},"end":{"line":75,"column":7}},"type":"binary-expr","locations":[{"start":{"line":71,"column":7},"end":{"line":71,"column":14}},{"start":{"line":72,"column":8},"end":{"line":74,"column":27}}],"line":71}},"s":{"0":0,"1":0,"2":0,"3":0,"4":0,"5":0,"6":0,"7":0,"8":0,"9":0,"10":0,"11":0,"12":0,"13":0,"14":0,"15":0,"16":0,"17":0,"18":0},"f":{"0":0,"1":0,"2":0,"3":0,"4":0,"5":0,"6":0},"b":{"0":[0,0],"1":[0,0],"2":[0,0],"3":[0,0]}}
,"/home/dougalmeida/react-projects/reconciliation-project/src/services/api.ts": {"path":"/home/dougalmeida/react-projects/reconciliation-project/src/services/api.ts","statementMap":{"0":{"start":{"line":3,"column":19},"end":{"line":5,"column":2}}},"fnMap":{},"branchMap":{},"s":{"0":0},"f":{},"b":{}}
,"/home/dougalmeida/react-projects/reconciliation-project/src/services/query.ts": {"path":"/home/dougalmeida/react-projects/reconciliation-project/src/services/query.ts","statementMap":{"0":{"start":{"line":3,"column":27},"end":{"line":9,"column":2}}},"fnMap":{},"branchMap":{},"s":{"0":0},"f":{},"b":{}}
,"/home/dougalmeida/react-projects/reconciliation-project/src/services/hooks/useCountriesQuery.ts": {"path":"/home/dougalmeida/react-projects/reconciliation-project/src/services/hooks/useCountriesQuery.ts","statementMap":{"0":{"start":{"line":16,"column":28},"end":{"line":19,"column":1}},"1":{"start":{"line":17,"column":19},"end":{"line":17,"column":40}},"2":{"start":{"line":18,"column":2},"end":{"line":18,"column":26}},"3":{"start":{"line":21,"column":28},"end":{"line":23,"column":1}},"4":{"start":{"line":22,"column":2},"end":{"line":22,"column":80}}},"fnMap":{"0":{"name":"(anonymous_0)","decl":{"start":{"line":16,"column":28},"end":{"line":16,"column":29}},"loc":{"start":{"line":16,"column":40},"end":{"line":19,"column":1}},"line":16},"1":{"name":"(anonymous_1)","decl":{"start":{"line":21,"column":28},"end":{"line":21,"column":29}},"loc":{"start":{"line":21,"column":34},"end":{"line":23,"column":1}},"line":21}},"branchMap":{},"s":{"0":0,"1":0,"2":0,"3":0,"4":0},"f":{"0":0,"1":0},"b":{}}
,"/home/dougalmeida/react-projects/reconciliation-project/src/styles/global.ts": {"path":"/home/dougalmeida/react-projects/reconciliation-project/src/styles/global.ts","statementMap":{"0":{"start":{"line":3,"column":28},"end":{"line":14,"column":1}}},"fnMap":{},"branchMap":{},"s":{"0":0},"f":{},"b":{}}
}
